<?xml version="1.0" encoding="UTF-8"?>
<!-- Generated by org.testng.reporters.JUnitReportReporter -->
<testsuite skipped="0" hostname="MDs-MacBook-Air.fios-router.home" name="AmazonTest.AmazonHomepage$AmazonHmPage" tests="8" failures="0" timestamp="2019-12-03T22:27:39 EST" time="0.039" errors="0">
  <testcase name="demo2" time="0.002" classname="AmazonTest.AmazonHomepage$AmazonHmPage"/>
  <testcase name="amazonlogoTest" time="0.002" classname="AmazonTest.AmazonHomepage$AmazonHmPage"/>
  <testcase name="AzLogin" time="0.004" classname="AmazonTest.AmazonHomepage$AmazonHmPage"/>
  <testcase name="AzHomepage" time="0.006" classname="AmazonTest.AmazonHomepage$AmazonHmPage"/>
  <testcase name="demo4" time="0.002" classname="AmazonTest.AmazonHomepage$AmazonHmPage"/>
  <testcase name="demo3" time="0.002" classname="AmazonTest.AmazonHomepage$AmazonHmPage"/>
  <testcase name="tittle" time="0.018" classname="AmazonTest.AmazonHomepage$AmazonHmPage"/>
  <testcase name="demo" time="0.003" classname="AmazonTest.AmazonHomepage$AmazonHmPage"/>
</testsuite> <!-- AmazonTest.AmazonHomepage$AmazonHmPage -->
