<?xml version="1.0" encoding="UTF-8"?>
<!-- Generated by org.testng.reporters.JUnitReportReporter -->
<testsuite skipped="0" hostname="MDs-MacBook-Air.fios-router.home" name="AmazonTest.amazonCartTest" tests="1" failures="0" timestamp="2019-11-24T02:08:50 EST" time="35.754" errors="0">
  <testcase name="AddToCart" time="35.754" classname="AmazonTest.amazonCartTest"/>
</testsuite> <!-- AmazonTest.amazonCartTest -->
