<?xml version="1.0" encoding="UTF-8"?>
<!-- Generated by org.testng.reporters.JUnitReportReporter -->
<testsuite name="AmazonTest.AmazonHomepage$AmazonHmPage" tests="8" time="0.036" ignored="0" failures="0" timestamp="26 Dec 2019 23:09:19 GMT" skipped="0" hostname="MDs-MacBook-Air.fios-router.home" errors="1">
  <testcase name="demo4" time="0.001" classname="AmazonTest.AmazonHomepage$AmazonHmPage"/>
  <testcase name="tittle" time="0.004" classname="AmazonTest.AmazonHomepage$AmazonHmPage"/>
  <testcase name="demo" time="0.001" classname="AmazonTest.AmazonHomepage$AmazonHmPage"/>
  <testcase name="demo2" time="0.001" classname="AmazonTest.AmazonHomepage$AmazonHmPage"/>
  <testcase name="AzLogin" time="0.005" classname="AmazonTest.AmazonHomepage$AmazonHmPage"/>
  <testcase name="amazonlogoTest" time="0.001" classname="AmazonTest.AmazonHomepage$AmazonHmPage"/>
  <testcase name="AzHomepage" time="0.011" classname="AmazonTest.AmazonHomepage$AmazonHmPage">
    <error type="java.lang.NullPointerException">
      <![CDATA[java.lang.NullPointerException
	at AmazonTest.AmazonHomepage$AmazonHmPage.AzHomepage(AmazonHomepage.java:33)
	at sun.reflect.NativeMethodAccessorImpl.invoke0(Native Method)
	at sun.reflect.NativeMethodAccessorImpl.invoke(NativeMethodAccessorImpl.java:62)
	at sun.reflect.DelegatingMethodAccessorImpl.invoke(DelegatingMethodAccessorImpl.java:43)
	at java.lang.reflect.Method.invoke(Method.java:498)
	at org.testng.internal.MethodInvocationHelper.invokeMethod(MethodInvocationHelper.java:104)
	at org.testng.internal.Invoker.invokeMethod(Invoker.java:645)
	at org.testng.internal.Invoker.invokeTestMethod(Invoker.java:851)
	at org.testng.internal.Invoker.invokeTestMethods(Invoker.java:1177)
	at org.testng.internal.TestMethodWorker.invokeTestMethods(TestMethodWorker.java:129)
	at org.testng.internal.TestMethodWorker.run(TestMethodWorker.java:112)
	at org.testng.TestRunner.privateRun(TestRunner.java:756)
	at org.testng.TestRunner.run(TestRunner.java:610)
	at org.testng.SuiteRunner.runTest(SuiteRunner.java:387)
	at org.testng.SuiteRunner.access$000(SuiteRunner.java:39)
	at org.testng.SuiteRunner$SuiteWorker.run(SuiteRunner.java:421)
	at org.testng.internal.thread.ThreadUtil$2.call(ThreadUtil.java:64)
	at java.util.concurrent.FutureTask.run(FutureTask.java:266)
	at java.util.concurrent.ThreadPoolExecutor.runWorker(ThreadPoolExecutor.java:1149)
	at java.util.concurrent.ThreadPoolExecutor$Worker.run(ThreadPoolExecutor.java:624)
	at java.lang.Thread.run(Thread.java:748)
]]>
    </error>
  </testcase> <!-- AzHomepage -->
  <testcase name="demo3" time="0.012" classname="AmazonTest.AmazonHomepage$AmazonHmPage"/>
</testsuite> <!-- AmazonTest.AmazonHomepage$AmazonHmPage -->
